  factorization_v3.cpp
F:\学习资料\研一上\机器人\project\factorization_v3\svd.h(51,18): warning C4267: “初始化”: 从“size_t”转换到“int”，可能丢失数据
F:\学习资料\研一上\机器人\project\factorization_v3\svd.h(52,21): warning C4267: “初始化”: 从“size_t”转换到“int”，可能丢失数据
F:\学习资料\研一上\机器人\project\factorization_v3\svd.h(71,12): warning C4244: “参数”: 从“time_t”转换到“unsigned int”，可能丢失数据
F:\学习资料\研一上\机器人\project\factorization_v3\factorization.h(51,29): warning C4267: “初始化”: 从“size_t”转换到“int”，可能丢失数据
F:\学习资料\研一上\机器人\project\factorization_v3\factorization.h(53,9): warning C4244: “初始化”: 从“_Tp”转换到“int”，可能丢失数据
F:\学习资料\研一上\机器人\project\factorization_v3\factorization.h(53,9): warning C4244:         with
F:\学习资料\研一上\机器人\project\factorization_v3\factorization.h(53,9): warning C4244:         [
F:\学习资料\研一上\机器人\project\factorization_v3\factorization.h(53,9): warning C4244:             _Tp=float
F:\学习资料\研一上\机器人\project\factorization_v3\factorization.h(53,9): warning C4244:         ]
F:\学习资料\研一上\机器人\project\factorization_v3\factorization.h(54,9): warning C4244: “初始化”: 从“_Tp”转换到“int”，可能丢失数据
F:\学习资料\研一上\机器人\project\factorization_v3\factorization.h(54,9): warning C4244:         with
F:\学习资料\研一上\机器人\project\factorization_v3\factorization.h(54,9): warning C4244:         [
F:\学习资料\研一上\机器人\project\factorization_v3\factorization.h(54,9): warning C4244:             _Tp=float
F:\学习资料\研一上\机器人\project\factorization_v3\factorization.h(54,9): warning C4244:         ]
F:\学习资料\研一上\机器人\project\factorization_v3\factorization.h(93,37): warning C4267: “初始化”: 从“size_t”转换到“int”，可能丢失数据
F:\学习资料\研一上\机器人\project\factorization_v3\factorization.h(94,34): warning C4267: “初始化”: 从“size_t”转换到“int”，可能丢失数据
F:\学习资料\研一上\机器人\project\factorization_v3\factorization.h(159,21): warning C4267: “=”: 从“size_t”转换到“int”，可能丢失数据
F:\学习资料\研一上\机器人\project\factorization_v3\factorization.h(187,32): warning C4244: “=”: 从“int”转换到“float”，可能丢失数据
F:\学习资料\研一上\机器人\project\factorization_v3\factorization.h(188,38): warning C4244: “=”: 从“int”转换到“float”，可能丢失数据
F:\学习资料\研一上\机器人\project\factorization_v3\factorization.h(205,47): warning C4267: “初始化”: 从“size_t”转换到“int”，可能丢失数据
F:\学习资料\研一上\机器人\project\factorization_v3\factorization.h(220,31): warning C4244: “=”: 从“int”转换到“float”，可能丢失数据
F:\学习资料\研一上\机器人\project\factorization_v3\factorization.h(221,39): warning C4244: “=”: 从“int”转换到“float”，可能丢失数据
F:\学习资料\研一上\机器人\project\factorization_v3\factorization.h(222,23): warning C4244: “参数”: 从“int”转换到“_Tp”，可能丢失数据
F:\学习资料\研一上\机器人\project\factorization_v3\factorization.h(222,23): warning C4244:         with
F:\学习资料\研一上\机器人\project\factorization_v3\factorization.h(222,23): warning C4244:         [
F:\学习资料\研一上\机器人\project\factorization_v3\factorization.h(222,23): warning C4244:             _Tp=float
F:\学习资料\研一上\机器人\project\factorization_v3\factorization.h(222,23): warning C4244:         ]
F:\学习资料\研一上\机器人\project\factorization_v3\factorization.h(222,20): warning C4244: “参数”: 从“int”转换到“_Tp”，可能丢失数据
F:\学习资料\研一上\机器人\project\factorization_v3\factorization.h(222,20): warning C4244:         with
F:\学习资料\研一上\机器人\project\factorization_v3\factorization.h(222,20): warning C4244:         [
F:\学习资料\研一上\机器人\project\factorization_v3\factorization.h(222,20): warning C4244:             _Tp=float
F:\学习资料\研一上\机器人\project\factorization_v3\factorization.h(222,20): warning C4244:         ]
F:\学习资料\研一上\机器人\project\factorization_v3\factorization.h(238,31): warning C4244: “=”: 从“int”转换到“float”，可能丢失数据
F:\学习资料\研一上\机器人\project\factorization_v3\factorization.h(239,39): warning C4244: “=”: 从“int”转换到“float”，可能丢失数据
F:\学习资料\研一上\机器人\project\factorization_v3\factorization.h(240,23): warning C4244: “参数”: 从“int”转换到“_Tp”，可能丢失数据
F:\学习资料\研一上\机器人\project\factorization_v3\factorization.h(240,23): warning C4244:         with
F:\学习资料\研一上\机器人\project\factorization_v3\factorization.h(240,23): warning C4244:         [
F:\学习资料\研一上\机器人\project\factorization_v3\factorization.h(240,23): warning C4244:             _Tp=float
F:\学习资料\研一上\机器人\project\factorization_v3\factorization.h(240,23): warning C4244:         ]
F:\学习资料\研一上\机器人\project\factorization_v3\factorization.h(240,20): warning C4244: “参数”: 从“int”转换到“_Tp”，可能丢失数据
F:\学习资料\研一上\机器人\project\factorization_v3\factorization.h(240,20): warning C4244:         with
F:\学习资料\研一上\机器人\project\factorization_v3\factorization.h(240,20): warning C4244:         [
F:\学习资料\研一上\机器人\project\factorization_v3\factorization.h(240,20): warning C4244:             _Tp=float
F:\学习资料\研一上\机器人\project\factorization_v3\factorization.h(240,20): warning C4244:         ]
F:\学习资料\研一上\机器人\project\factorization_v3\factorization.h(266,46): warning C4267: “初始化”: 从“size_t”转换到“int”，可能丢失数据
F:\学习资料\研一上\机器人\project\factorization_v3\factorization.h(290,42): warning C4267: “=”: 从“size_t”转换到“int”，可能丢失数据
  factorization_v3.vcxproj -> F:\学习资料\研一上\机器人\project\factorization_v3\x64\Debug\factorization_v3.exe
